TN:
SF:TipCalculator\project\src\states\funcs.ts
FN:13,shallowEqual
FN:27,deepEqual
FN:58,onFieldInput
FNF:3
FNH:1
FNDA:0,shallowEqual
FNDA:8,deepEqual
FNDA:0,onFieldInput
DA:1,1
DA:2,1
DA:3,1
DA:4,1
DA:5,1
DA:6,1
DA:7,1
DA:8,1
DA:9,1
DA:10,1
DA:11,1
DA:12,1
DA:13,0
DA:14,0
DA:15,0
DA:16,0
DA:17,0
DA:18,0
DA:19,0
DA:20,0
DA:21,0
DA:22,0
DA:23,0
DA:24,0
DA:25,0
DA:26,1
DA:27,8
DA:28,8
DA:29,8
DA:30,8
DA:31,1
DA:32,1
DA:33,8
DA:34,17
DA:35,17
DA:36,17
DA:37,5
DA:38,5
DA:39,5
DA:40,5
DA:41,17
DA:42,12
DA:43,12
DA:44,12
DA:45,12
DA:46,12
DA:47,17
DA:48,3
DA:49,3
DA:50,1
DA:51,1
DA:52,1
DA:53,1
DA:54,1
DA:55,1
DA:56,1
DA:57,1
DA:58,0
DA:59,0
DA:60,0
DA:61,0
DA:62,0
DA:63,0
DA:64,0
DA:65,0
DA:66,0
DA:67,0
DA:68,0
DA:69,0
DA:70,1
DA:71,1
DA:72,1
DA:73,1
LF:73
LH:48
BRDA:27,0,0,8
BRDA:30,1,0,1
BRDA:33,2,0,7
BRDA:33,3,0,17
BRDA:36,4,0,5
BRDA:38,5,0,0
BRDA:40,6,0,3
BRDA:41,7,0,12
BRDA:43,8,0,0
BRDA:45,9,0,1
BRDA:48,10,0,3
BRF:11
BRH:9
end_of_record
TN:
SF:TipCalculator\project\src\states\store.ts
FNF:0
FNH:0
DA:1,1
DA:2,1
DA:3,1
DA:4,1
DA:5,1
DA:6,1
DA:7,1
DA:8,1
DA:9,1
DA:10,1
DA:11,1
DA:12,1
DA:13,1
DA:14,1
DA:15,1
DA:16,1
LF:16
LH:16
BRF:0
BRH:0
end_of_record
TN:
SF:TipCalculator\project\src\states\slices\tip-calculator.ts
FN:50,tipBtnsEqual
FN:62,slctTipBtn
FN:81,setInputFld
FNF:3
FNH:0
FNDA:0,tipBtnsEqual
FNDA:0,slctTipBtn
FNDA:0,setInputFld
DA:1,1
DA:2,1
DA:3,1
DA:4,1
DA:5,1
DA:6,1
DA:7,1
DA:8,1
DA:9,1
DA:10,1
DA:11,1
DA:12,1
DA:13,1
DA:14,1
DA:15,1
DA:16,1
DA:17,1
DA:18,1
DA:19,1
DA:20,1
DA:21,1
DA:22,1
DA:23,1
DA:24,1
DA:25,1
DA:26,1
DA:27,1
DA:28,1
DA:29,1
DA:30,1
DA:31,1
DA:32,1
DA:33,1
DA:34,1
DA:35,1
DA:36,1
DA:37,1
DA:38,1
DA:39,1
DA:40,1
DA:41,1
DA:42,1
DA:43,1
DA:44,1
DA:45,1
DA:46,1
DA:47,1
DA:48,1
DA:49,1
DA:50,1
DA:51,0
DA:52,0
DA:53,0
DA:54,0
DA:55,1
DA:56,1
DA:57,1
DA:58,1
DA:59,1
DA:60,1
DA:61,1
DA:62,1
DA:63,0
DA:64,0
DA:65,0
DA:66,0
DA:67,0
DA:68,0
DA:69,0
DA:70,0
DA:71,0
DA:72,0
DA:73,0
DA:74,0
DA:75,0
DA:76,0
DA:77,0
DA:78,0
DA:79,0
DA:80,1
DA:81,1
DA:82,0
DA:83,0
DA:84,0
DA:85,0
DA:86,0
DA:87,0
DA:88,0
DA:89,0
DA:90,0
DA:91,0
DA:92,0
DA:93,0
DA:94,1
DA:95,1
DA:96,1
DA:97,1
DA:98,1
DA:99,1
DA:100,1
DA:101,1
DA:102,1
LF:102
LH:69
BRDA:19,0,0,1
BRF:1
BRH:1
end_of_record
TN:
SF:TipCalculator\project\src\validate\bill-num.ts
FN:7,validate
FNF:1
FNH:1
FNDA:16,validate
DA:1,1
DA:2,1
DA:3,1
DA:4,1
DA:5,1
DA:6,1
DA:7,16
DA:8,16
DA:9,16
DA:10,1
DA:11,16
DA:12,15
DA:13,15
DA:14,5
DA:15,15
DA:16,10
DA:17,10
DA:18,1
DA:19,10
DA:20,9
DA:21,3
DA:22,9
DA:23,6
DA:24,6
DA:25,9
DA:26,10
DA:27,15
DA:28,16
DA:29,16
LF:29
LH:29
BRDA:7,0,0,16
BRDA:9,1,0,1
BRDA:11,2,0,15
BRDA:13,3,0,5
BRDA:15,4,0,10
BRDA:17,5,0,1
BRDA:19,6,0,9
BRDA:20,7,0,3
BRDA:22,8,0,6
BRF:9
BRH:9
end_of_record
TN:
SF:TipCalculator\project\src\validate\people-num.ts
FN:7,validate
FNF:1
FNH:1
FNDA:13,validate
DA:1,1
DA:2,1
DA:3,1
DA:4,1
DA:5,1
DA:6,1
DA:7,13
DA:8,13
DA:9,13
DA:10,13
DA:11,12
DA:12,12
DA:13,12
DA:14,12
DA:15,6
DA:16,6
DA:17,6
DA:18,6
DA:19,5
DA:20,5
DA:21,6
DA:22,12
DA:23,13
DA:24,13
LF:24
LH:24
BRDA:7,0,0,13
BRDA:10,1,0,1
BRDA:11,2,0,12
BRDA:14,3,0,6
BRDA:18,4,0,1
BRDA:19,5,0,5
BRF:6
BRH:6
end_of_record
TN:
SF:TipCalculator\project\src\validate\tip-percentage.ts
FN:8,validate
FNF:1
FNH:1
FNDA:22,validate
DA:1,1
DA:2,1
DA:3,1
DA:4,1
DA:5,1
DA:6,1
DA:7,1
DA:8,22
DA:9,22
DA:10,22
DA:11,22
DA:12,2
DA:13,22
DA:14,20
DA:15,20
DA:16,4
DA:17,20
DA:18,16
DA:19,16
DA:20,2
DA:21,16
DA:22,3
DA:23,14
DA:24,11
DA:25,11
DA:26,16
DA:27,20
DA:28,22
DA:29,22
DA:30,22
LF:30
LH:30
BRDA:8,0,0,22
BRDA:11,1,0,2
BRDA:13,2,0,20
BRDA:15,3,0,4
BRDA:17,4,0,16
BRDA:19,5,0,2
BRDA:21,6,0,14
BRDA:21,7,0,3
BRDA:23,8,0,11
BRF:9
BRH:9
end_of_record
