TN:
SF:TipCalculator\project\src\validate\bill-num.ts
FN:7,validate
FNF:1
FNH:1
FNDA:16,validate
DA:1,1
DA:2,1
DA:3,1
DA:4,1
DA:5,1
DA:6,1
DA:7,16
DA:8,16
DA:9,16
DA:10,1
DA:11,16
DA:12,15
DA:13,15
DA:14,5
DA:15,15
DA:16,10
DA:17,10
DA:18,1
DA:19,10
DA:20,9
DA:21,3
DA:22,9
DA:23,6
DA:24,6
DA:25,9
DA:26,10
DA:27,15
DA:28,16
DA:29,16
LF:29
LH:29
BRDA:7,0,0,16
BRDA:9,1,0,1
BRDA:11,2,0,15
BRDA:13,3,0,5
BRDA:15,4,0,10
BRDA:17,5,0,1
BRDA:19,6,0,9
BRDA:20,7,0,3
BRDA:22,8,0,6
BRF:9
BRH:9
end_of_record
TN:
SF:TipCalculator\project\src\validate\people-num.ts
FN:7,validate
FNF:1
FNH:1
FNDA:13,validate
DA:1,1
DA:2,1
DA:3,1
DA:4,1
DA:5,1
DA:6,1
DA:7,13
DA:8,13
DA:9,13
DA:10,13
DA:11,12
DA:12,12
DA:13,12
DA:14,12
DA:15,6
DA:16,6
DA:17,6
DA:18,6
DA:19,5
DA:20,5
DA:21,6
DA:22,12
DA:23,13
DA:24,13
LF:24
LH:24
BRDA:7,0,0,13
BRDA:10,1,0,1
BRDA:11,2,0,12
BRDA:14,3,0,6
BRDA:18,4,0,1
BRDA:19,5,0,5
BRF:6
BRH:6
end_of_record
TN:
SF:TipCalculator\project\src\validate\tip-percentage.ts
FN:8,validate
FNF:1
FNH:1
FNDA:21,validate
DA:1,1
DA:2,1
DA:3,1
DA:4,1
DA:5,1
DA:6,1
DA:7,1
DA:8,21
DA:9,21
DA:10,21
DA:11,21
DA:12,1
DA:13,21
DA:14,20
DA:15,20
DA:16,4
DA:17,20
DA:18,16
DA:19,16
DA:20,2
DA:21,16
DA:22,3
DA:23,14
DA:24,11
DA:25,11
DA:26,16
DA:27,20
DA:28,21
DA:29,21
DA:30,21
LF:30
LH:30
BRDA:8,0,0,21
BRDA:11,1,0,1
BRDA:13,2,0,20
BRDA:15,3,0,4
BRDA:17,4,0,16
BRDA:19,5,0,2
BRDA:21,6,0,14
BRDA:21,7,0,3
BRDA:23,8,0,11
BRF:9
BRH:9
end_of_record
